<?xml version="1.0" encoding="UTF-8"?>
<robot generator="Robot 3.2.2 (Python 3.8.5 on win32)" generated="20210126 12:33:12.254" rpa="false">
<suite id="s1" name="RoyalCaribbean MiniProject 99003133" source="D:\sanket\LTTS\robot-framework\robot_workspace\RoyalCaribbean_MiniProject_99003133">
<suite id="s1-s1" name="TestCases" source="D:\sanket\LTTS\robot-framework\robot_workspace\RoyalCaribbean_MiniProject_99003133\TestCases">
<suite id="s1-s1-s1" name="Test case 2" source="D:\sanket\LTTS\robot-framework\robot_workspace\RoyalCaribbean_MiniProject_99003133\TestCases\Test_case_2.robot">
<test id="s1-s1-s1-t1" name="TC1_validcredential">
<kw name="Launch Browser" library="comman_functionality" type="setup">
<kw name="Log To Console" library="BuiltIn">
<doc>Logs the given message to the console.</doc>
<arguments>
<arg>${OUTPUT_DIR}${/}driver</arg>
</arguments>
<status status="PASS" starttime="20210126 12:33:12.638" endtime="20210126 12:33:12.639"></status>
</kw>
<kw name="Append To Environment Variable" library="OperatingSystem">
<doc>Appends given ``values`` to environment variable ``name``.</doc>
<arguments>
<arg>path</arg>
<arg>${OUTPUT_DIR}${/}driver</arg>
</arguments>
<msg timestamp="20210126 12:33:12.640" level="INFO">Environment variable 'path' set to value 'C:/Program Files/Java/jdk-15.0.1/bin/server;C:/Program Files/Java/jdk-15.0.1/bin;C:\ProgramData\Anaconda3;C:\ProgramData\Anaconda3\Library\mingw-w64\bin;C:\ProgramData\Anaconda3\Library\usr\bin;C:\ProgramData\Anaconda3\Library\bin;C:\ProgramData\Anaconda3\Scripts;C:\Program Files\Java\jdk-15.0.1\bin;C:\Program Files\Java\jre1.8.0_271\bin;D:\sanket\LTTS\python_files;D:\sanket\LTTS\python_files\Scripts;C:\Program Files\Git\cmd;C:\MinGW\bin;C:\Users\sanke\AppData\Local\Microsoft\WindowsApps;C:\Users\sanke\AppData\Local\GitHubDesktop\bin;C:\Program Files\Java\jre1.8.0_271\bin;C:\Users\sanke\AppData\Local\Programs\Microsoft VS Code\bin;C:\MinGW\bin;;C:\Users\sanke\OneDrive\Desktop;;D:\sanket\LTTS\robot-framework\robot_workspace\RoyalCaribbean_MiniProject_99003133\driver'.</msg>
<status status="PASS" starttime="20210126 12:33:12.639" endtime="20210126 12:33:12.640"></status>
</kw>
<kw name="Open Browser" library="SeleniumLibrary">
<doc>Opens a new browser instance to the optional ``url``.</doc>
<arguments>
<arg>browser=${BROWSER_NAME}</arg>
</arguments>
<msg timestamp="20210126 12:33:12.641" level="INFO">Opening browser 'ff' to base url 'None'.</msg>
<msg timestamp="20210126 12:33:12.643" level="INFO">Firefox driver log is always forced to to: D:\sanket\LTTS\robot-framework\robot_workspace\RoyalCaribbean_MiniProject_99003133\geckodriver-9.log</msg>
<status status="PASS" starttime="20210126 12:33:12.640" endtime="20210126 12:33:19.984"></status>
</kw>
<kw name="Maximize Browser Window" library="SeleniumLibrary">
<doc>Maximizes current browser window.</doc>
<status status="PASS" starttime="20210126 12:33:19.985" endtime="20210126 12:33:19.989"></status>
</kw>
<kw name="Set Selenium Implicit Wait" library="SeleniumLibrary">
<doc>Sets the implicit wait value used by Selenium.</doc>
<arguments>
<arg>5s</arg>
</arguments>
<status status="PASS" starttime="20210126 12:33:19.989" endtime="20210126 12:33:19.993"></status>
</kw>
<kw name="Go To" library="SeleniumLibrary">
<doc>Navigates the current browser window to the provided ``url``.</doc>
<arguments>
<arg>url=${URL}</arg>
</arguments>
<msg timestamp="20210126 12:33:19.994" level="INFO">Opening url 'https://www.royalcaribbean.com/'</msg>
<status status="PASS" starttime="20210126 12:33:19.993" endtime="20210126 12:33:37.485"></status>
</kw>
<status status="PASS" starttime="20210126 12:33:12.637" endtime="20210126 12:33:37.488"></status>
</kw>
<kw name="Popups_In_Start" library="DashboardPage">
<kw name="Run Keyword And Ignore Error" library="BuiltIn">
<doc>Runs the given keyword with the given arguments and ignores possible error.</doc>
<arguments>
<arg>Click Element</arg>
<arg>${POPUP_START}</arg>
</arguments>
<kw name="Click Element" library="SeleniumLibrary">
<doc>Click the element identified by ``locator``.</doc>
<arguments>
<arg>${POPUP_START}</arg>
</arguments>
<msg timestamp="20210126 12:33:37.499" level="INFO">Clicking element '//div[@class="email-capture__body"]/*'.</msg>
<kw name="Capture Page Screenshot" library="SeleniumLibrary">
<doc>Takes a screenshot of the current page and embeds it into a log file.</doc>
<msg timestamp="20210126 12:33:42.919" level="INFO" html="yes">&lt;/td&gt;&lt;/tr&gt;&lt;tr&gt;&lt;td colspan="3"&gt;&lt;a href="Screenshot/selenium-screenshot-87.png"&gt;&lt;img src="Screenshot/selenium-screenshot-87.png" width="800px"&gt;&lt;/a&gt;</msg>
<status status="PASS" starttime="20210126 12:33:42.545" endtime="20210126 12:33:42.919"></status>
</kw>
<msg timestamp="20210126 12:33:42.924" level="FAIL">Element with locator '//div[@class="email-capture__body"]/*' not found.</msg>
<status status="FAIL" starttime="20210126 12:33:37.497" endtime="20210126 12:33:42.924"></status>
</kw>
<status status="PASS" starttime="20210126 12:33:37.494" endtime="20210126 12:33:42.925"></status>
</kw>
<status status="PASS" starttime="20210126 12:33:37.490" endtime="20210126 12:33:42.925"></status>
</kw>
<kw name="Sleep" library="BuiltIn">
<doc>Pauses the test executed for the given time.</doc>
<arguments>
<arg>2s</arg>
</arguments>
<msg timestamp="20210126 12:33:44.940" level="INFO">Slept 2 seconds</msg>
<status status="PASS" starttime="20210126 12:33:42.926" endtime="20210126 12:33:44.941"></status>
</kw>
<kw name="Click_Menu" library="Deck_Plans_Page">
<kw name="Click Element" library="SeleniumLibrary">
<doc>Click the element identified by ``locator``.</doc>
<arguments>
<arg>${MENU_LOCATOR}</arg>
</arguments>
<msg timestamp="20210126 12:33:44.946" level="INFO">Clicking element 'id=rciHeaderOpenSidenav'.</msg>
<status status="PASS" starttime="20210126 12:33:44.945" endtime="20210126 12:33:45.370"></status>
</kw>
<status status="PASS" starttime="20210126 12:33:44.942" endtime="20210126 12:33:45.372"></status>
</kw>
<kw name="Click_Find_a_Cruise" library="Find_Cruise">
<kw name="Click Element" library="SeleniumLibrary">
<doc>Click the element identified by ``locator``.</doc>
<arguments>
<arg>${FIND_A_CRUISE_LOCATOR}</arg>
</arguments>
<msg timestamp="20210126 12:33:45.376" level="INFO">Clicking element '//*[contains(text(),"Find a Cruise ")]'.</msg>
<status status="PASS" starttime="20210126 12:33:45.375" endtime="20210126 12:33:45.788"></status>
</kw>
<status status="PASS" starttime="20210126 12:33:45.373" endtime="20210126 12:33:45.789"></status>
</kw>
<kw name="Click_Find_Cruise_Deals" library="Find_Cruise">
<kw name="Click Element" library="SeleniumLibrary">
<doc>Click the element identified by ``locator``.</doc>
<arguments>
<arg>${FIND_CRUISE_DEALS_LOCATOR}</arg>
</arguments>
<msg timestamp="20210126 12:33:45.794" level="INFO">Clicking element 'xpath=(//*[contains(text(),"Cruise Deals")])[3]'.</msg>
<status status="PASS" starttime="20210126 12:33:45.792" endtime="20210126 12:33:58.906"></status>
</kw>
<status status="PASS" starttime="20210126 12:33:45.790" endtime="20210126 12:33:58.909"></status>
</kw>
<kw name="Sleep" library="BuiltIn">
<doc>Pauses the test executed for the given time.</doc>
<arguments>
<arg>3s</arg>
</arguments>
<msg timestamp="20210126 12:34:01.920" level="INFO">Slept 3 seconds</msg>
<status status="PASS" starttime="20210126 12:33:58.911" endtime="20210126 12:34:01.922"></status>
</kw>
<kw name="Click_on_Book_Now" library="Find_Cruise">
<kw name="Click Element" library="SeleniumLibrary">
<doc>Click the element identified by ``locator``.</doc>
<arguments>
<arg>${BOOK_NOW_LOCATOR}</arg>
</arguments>
<msg timestamp="20210126 12:34:01.927" level="INFO">Clicking element '//*[contains(text(),"BOOK NOW")]'.</msg>
<status status="PASS" starttime="20210126 12:34:01.925" endtime="20210126 12:34:14.417"></status>
</kw>
<status status="PASS" starttime="20210126 12:34:01.923" endtime="20210126 12:34:14.420"></status>
</kw>
<kw name="Sleep" library="BuiltIn">
<doc>Pauses the test executed for the given time.</doc>
<arguments>
<arg>3s</arg>
</arguments>
<msg timestamp="20210126 12:34:17.437" level="INFO">Slept 3 seconds</msg>
<status status="PASS" starttime="20210126 12:34:14.422" endtime="20210126 12:34:17.439"></status>
</kw>
<kw name="Locate_2_5Nights" library="Find_Cruise">
<kw name="Scroll Element Into View" library="SeleniumLibrary">
<doc>Scrolls the element identified by ``locator`` into view.</doc>
<arguments>
<arg>${2_5_NIGHTS_LOCATOR}</arg>
</arguments>
<status status="PASS" starttime="20210126 12:34:17.442" endtime="20210126 12:34:17.759"></status>
</kw>
<status status="PASS" starttime="20210126 12:34:17.439" endtime="20210126 12:34:17.760"></status>
</kw>
<kw name="Click_on_2-5Nights" library="Find_Cruise">
<kw name="Click Element" library="SeleniumLibrary">
<doc>Click the element identified by ``locator``.</doc>
<arguments>
<arg>${2_5_NIGHTS_LOCATOR}</arg>
</arguments>
<msg timestamp="20210126 12:34:17.764" level="INFO">Clicking element 'id=filter_2to5_nights'.</msg>
<status status="PASS" starttime="20210126 12:34:17.763" endtime="20210126 12:34:18.907"></status>
</kw>
<status status="PASS" starttime="20210126 12:34:17.761" endtime="20210126 12:34:18.909"></status>
</kw>
<kw name="Sleep" library="BuiltIn">
<doc>Pauses the test executed for the given time.</doc>
<arguments>
<arg>5s</arg>
</arguments>
<msg timestamp="20210126 12:34:23.919" level="INFO">Slept 5 seconds</msg>
<status status="PASS" starttime="20210126 12:34:18.911" endtime="20210126 12:34:23.920"></status>
</kw>
<kw name="Locate_First_Deal" library="Find_Cruise">
<kw name="Scroll Element Into View" library="SeleniumLibrary">
<doc>Scrolls the element identified by ``locator`` into view.</doc>
<arguments>
<arg>${LOCATE_FIRST_DEALS_LOCATOR}</arg>
</arguments>
<kw name="Capture Page Screenshot" library="SeleniumLibrary">
<doc>Takes a screenshot of the current page and embeds it into a log file.</doc>
<msg timestamp="20210126 12:34:24.280" level="INFO" html="yes">&lt;/td&gt;&lt;/tr&gt;&lt;tr&gt;&lt;td colspan="3"&gt;&lt;a href="Screenshot/selenium-screenshot-88.png"&gt;&lt;img src="Screenshot/selenium-screenshot-88.png" width="800px"&gt;&lt;/a&gt;</msg>
<status status="PASS" starttime="20210126 12:34:23.958" endtime="20210126 12:34:24.281"></status>
</kw>
<msg timestamp="20210126 12:34:24.285" level="FAIL">MoveTargetOutOfBoundsException: Message: (675, 730) is out of bounds of viewport width (1366) and height (654)
</msg>
<status status="FAIL" starttime="20210126 12:34:23.924" endtime="20210126 12:34:24.286"></status>
</kw>
<status status="FAIL" starttime="20210126 12:34:23.921" endtime="20210126 12:34:24.287"></status>
</kw>
<kw name="End Browser" library="comman_functionality" type="teardown">
<kw name="Close Browser" library="SeleniumLibrary">
<doc>Closes the current browser.</doc>
<status status="PASS" starttime="20210126 12:34:24.288" endtime="20210126 12:34:25.809"></status>
</kw>
<status status="PASS" starttime="20210126 12:34:24.287" endtime="20210126 12:34:25.809"></status>
</kw>
<status status="FAIL" starttime="20210126 12:33:12.636" endtime="20210126 12:34:25.810" critical="yes">MoveTargetOutOfBoundsException: Message: (675, 730) is out of bounds of viewport width (1366) and height (654)
</status>
</test>
<status status="FAIL" starttime="20210126 12:33:12.326" endtime="20210126 12:34:25.810"></status>
</suite>
<status status="FAIL" starttime="20210126 12:33:12.323" endtime="20210126 12:34:25.813"></status>
</suite>
<status status="FAIL" starttime="20210126 12:33:12.293" endtime="20210126 12:34:25.815"></status>
</suite>
<statistics>
<total>
<stat pass="0" fail="1">Critical Tests</stat>
<stat pass="0" fail="1">All Tests</stat>
</total>
<tag>
</tag>
<suite>
<stat pass="0" fail="1" id="s1" name="RoyalCaribbean MiniProject 99003133">RoyalCaribbean MiniProject 99003133</stat>
<stat pass="0" fail="1" id="s1-s1" name="TestCases">RoyalCaribbean MiniProject 99003133.TestCases</stat>
<stat pass="0" fail="1" id="s1-s1-s1" name="Test case 2">RoyalCaribbean MiniProject 99003133.TestCases.Test case 2</stat>
</suite>
</statistics>
<errors>
</errors>
</robot>
